  Determining projects to restore...
  All projects are up-to-date for restore.
  CampusMatch.Shared -> C:\Users\salim\OneDrive\Desktop\RAD\CampusMatch\CampusMatch.Shared\bin\Debug\net8.0\CampusMatch.Shared.dll
C:\Users\salim\OneDrive\Desktop\RAD\CampusMatch\CampusMatch.Api\Data\CampusMatchDbContext.cs(171,30): error CS1061: 'Match' does not contain a definition for 'MatchedAt' and no accessible extension method 'MatchedAt' accepting a first argument of type 'Match' could be found (are you missing a using directive or an assembly reference?) [C:\Users\salim\OneDrive\Desktop\RAD\CampusMatch\CampusMatch.Api\CampusMatch.Api.csproj]
C:\Users\salim\OneDrive\Desktop\RAD\CampusMatch\CampusMatch.Api\Data\CampusMatchDbContext.cs(189,30): error CS1061: 'Report' does not contain a definition for 'Status' and no accessible extension method 'Status' accepting a first argument of type 'Report' could be found (are you missing a using directive or an assembly reference?) [C:\Users\salim\OneDrive\Desktop\RAD\CampusMatch\CampusMatch.Api\CampusMatch.Api.csproj]
C:\Users\salim\OneDrive\Desktop\RAD\CampusMatch\CampusMatch.Api\Data\CampusMatchDbContext.cs(195,30): error CS1061: 'ActivityLog' does not contain a definition for 'Timestamp' and no accessible extension method 'Timestamp' accepting a first argument of type 'ActivityLog' could be found (are you missing a using directive or an assembly reference?) [C:\Users\salim\OneDrive\Desktop\RAD\CampusMatch\CampusMatch.Api\CampusMatch.Api.csproj]

Build FAILED.

C:\Users\salim\OneDrive\Desktop\RAD\CampusMatch\CampusMatch.Api\Data\CampusMatchDbContext.cs(171,30): error CS1061: 'Match' does not contain a definition for 'MatchedAt' and no accessible extension method 'MatchedAt' accepting a first argument of type 'Match' could be found (are you missing a using directive or an assembly reference?) [C:\Users\salim\OneDrive\Desktop\RAD\CampusMatch\CampusMatch.Api\CampusMatch.Api.csproj]
C:\Users\salim\OneDrive\Desktop\RAD\CampusMatch\CampusMatch.Api\Data\CampusMatchDbContext.cs(189,30): error CS1061: 'Report' does not contain a definition for 'Status' and no accessible extension method 'Status' accepting a first argument of type 'Report' could be found (are you missing a using directive or an assembly reference?) [C:\Users\salim\OneDrive\Desktop\RAD\CampusMatch\CampusMatch.Api\CampusMatch.Api.csproj]
C:\Users\salim\OneDrive\Desktop\RAD\CampusMatch\CampusMatch.Api\Data\CampusMatchDbContext.cs(195,30): error CS1061: 'ActivityLog' does not contain a definition for 'Timestamp' and no accessible extension method 'Timestamp' accepting a first argument of type 'ActivityLog' could be found (are you missing a using directive or an assembly reference?) [C:\Users\salim\OneDrive\Desktop\RAD\CampusMatch\CampusMatch.Api\CampusMatch.Api.csproj]
    0 Warning(s)
    3 Error(s)

Time Elapsed 00:00:03.25
